#
# There is insufficient memory for the Java Runtime Environment to continue.
# Native memory allocation (mmap) failed to map 134217728 bytes for G1 virtual space
# Possible reasons:
#   The system is out of physical RAM or swap space
#   The process is running with CompressedOops enabled, and the Java Heap may be blocking the growth of the native heap
# Possible solutions:
#   Reduce memory load on the system
#   Increase physical memory or swap space
#   Check if swap backing store is full
#   Decrease Java heap size (-Xmx/-Xms)
#   Decrease number of Java threads
#   Decrease Java thread stack sizes (-Xss)
#   Set larger code cache with -XX:ReservedCodeCacheSize=
#   JVM is running with Unscaled Compressed Oops mode in which the Java heap is
#     placed in the first 4GB address space. The Java Heap base address is the
#     maximum limit for the native heap growth. Please use -XX:HeapBaseMinAddress
#     to set the Java Heap base and to place the Java Heap above 4GB virtual address.
# This output file may be truncated or incomplete.
#
#  Out of Memory Error (os_windows.cpp:3466), pid=17928, tid=7764
#
# JRE version:  (16.0.1+9) (build )
# Java VM: OpenJDK 64-Bit Server VM (16.0.1+9-24, mixed mode, sharing, tiered, compressed oops, compressed class ptrs, g1 gc, windows-amd64)
# No core dump will be written. Minidumps are not enabled by default on client versions of Windows
#

---------------  S U M M A R Y ------------

Command Line: -ea -Didea.test.cyclic.buffer.size=1048576 -javaagent:C:\Users\Maryna\AppData\Local\JetBrains\IntelliJ IDEA Community Edition 2021.1.2\lib\idea_rt.jar=62190:C:\Users\Maryna\AppData\Local\JetBrains\IntelliJ IDEA Community Edition 2021.1.2\bin -Dfile.encoding=UTF-8 com.intellij.rt.testng.RemoteTestNGStarter -usedefaultlisteners false -socket62189 @w@C:\Users\Maryna\AppData\Local\Temp\idea_working_dirs_testng1.tmp -temp C:\Users\Maryna\AppData\Local\Temp\idea_testng1.tmp

Host: Intel(R) Core(TM) i5-4310U CPU @ 2.00GHz, 4 cores, 7G,  Windows 10 , 64 bit Build 19041 (10.0.19041.1023)
Time: Thu Jul 29 21:07:53 2021  Windows 10 , 64 bit Build 19041 (10.0.19041.1023) elapsed time: 0.032665 seconds (0d 0h 0m 0s)

---------------  T H R E A D  ---------------

Current thread (0x00000183bd9bb8d0):  JavaThread "Unknown thread" [_thread_in_vm, id=7764, stack(0x0000006b03e00000,0x0000006b03f00000)]

Stack: [0x0000006b03e00000,0x0000006b03f00000]
Native frames: (J=compiled Java code, j=interpreted, Vv=VM code, C=native code)
V  [jvm.dll+0x6687ca]
V  [jvm.dll+0x7ca3c9]
V  [jvm.dll+0x7cbb53]
V  [jvm.dll+0x7cc1b3]
V  [jvm.dll+0x242ea5]
V  [jvm.dll+0x665589]
V  [jvm.dll+0x65a175]
V  [jvm.dll+0x2fc5ab]
V  [jvm.dll+0x3037a6]
V  [jvm.dll+0x352fee]
V  [jvm.dll+0x35321f]
V  [jvm.dll+0x2d3618]
V  [jvm.dll+0x2d4854]
V  [jvm.dll+0x79ccb1]
V  [jvm.dll+0x360de1]
V  [jvm.dll+0x77a990]
V  [jvm.dll+0x3e55af]
V  [jvm.dll+0x3e7081]
C  [jli.dll+0x52fb]
C  [ucrtbase.dll+0x21bb2]
C  [KERNEL32.DLL+0x17034]
C  [ntdll.dll+0x52651]


---------------  P R O C E S S  ---------------

Threads class SMR info:
_java_thread_list=0x00007ffd4c7ccbb8, length=0, elements={
}

Java Threads: ( => current thread )

Other Threads:
  0x00000183bd9fc660 GCTaskThread "GC Thread#0" [stack: 0x0000006b03f00000,0x0000006b04000000] [id=4844]
  0x00000183bda0d3e0 ConcurrentGCThread "G1 Main Marker" [stack: 0x0000006b04000000,0x0000006b04100000] [id=14884]
  0x00000183bda0de50 ConcurrentGCThread "G1 Conc#0" [stack: 0x0000006b04100000,0x0000006b04200000] [id=15664]

[error occurred during error reporting (printing all threads), id 0xc0000005, EXCEPTION_ACCESS_VIOLATION (0xc0000005) at pc=0x00007ffd4bfa44d7]

VM state: not at safepoint (not fully initialized)

VM Mutex/Monitor currently owned by a thread:  ([mutex/lock_event])
[0x00000183bd9b8830] Heap_lock - owner thread: 0x00000183bd9bb8d0

Heap address: 0x0000000081600000, size: 2026 MB, Compressed Oops mode: 32-bit

CDS archive(s) mapped at: [0x0000000000000000-0x0000000000000000-0x0000000000000000), size 0, SharedBaseAddress: 0x0000000800000000, ArchiveRelocationMode: 0.
Narrow klass base: 0x0000000000000000, Narrow klass shift: 0, Narrow klass range: 0x0

GC Precious Log:
<Empty>

Heap:
 garbage-first heap   total 0K, used 0K [0x0000000081600000, 0x0000000100000000)
  region size 1024K, 0 young (0K), 0 survivors (0K)

[error occurred during error reporting (printing heap information), id 0xc0000005, EXCEPTION_ACCESS_VIOLATION (0xc0000005) at pc=0x00007ffd4c3824ed]

GC Heap History (0 events):
No events

Deoptimization events (0 events):
No events

Classes unloaded (0 events):
No events

Classes redefined (0 events):
No events

Internal exceptions (0 events):
No events

Events (1 events):
Event: 0.020 Loaded shared library C:\Users\Maryna\.jdks\openjdk-16.0.1\bin\java.dll


Dynamic libraries:
0x00007ff7e98f0000 - 0x00007ff7e98fe000 	C:\Users\Maryna\.jdks\openjdk-16.0.1\bin\java.exe
0x00007ffd79870000 - 0x00007ffd79a65000 	C:\WINDOWS\SYSTEM32\ntdll.dll
0x00007ffd78ac0000 - 0x00007ffd78b7d000 	C:\WINDOWS\System32\KERNEL32.DLL
0x00007ffd76fb0000 - 0x00007ffd77279000 	C:\WINDOWS\System32\KERNELBASE.dll
0x00007ffd77430000 - 0x00007ffd77530000 	C:\WINDOWS\System32\ucrtbase.dll
0x00007ffd71a00000 - 0x00007ffd71a18000 	C:\Users\Maryna\.jdks\openjdk-16.0.1\bin\jli.dll
0x00007ffd77ac0000 - 0x00007ffd77c60000 	C:\WINDOWS\System32\USER32.dll
0x00007ffd77860000 - 0x00007ffd77882000 	C:\WINDOWS\System32\win32u.dll
0x00007ffd78c10000 - 0x00007ffd78c3a000 	C:\WINDOWS\System32\GDI32.dll
0x00007ffd77750000 - 0x00007ffd7785b000 	C:\WINDOWS\System32\gdi32full.dll
0x00007ffd77280000 - 0x00007ffd7731d000 	C:\WINDOWS\System32\msvcp_win.dll
0x00007ffd719e0000 - 0x00007ffd719f9000 	C:\Users\Maryna\.jdks\openjdk-16.0.1\bin\VCRUNTIME140.dll
0x00007ffd6bb90000 - 0x00007ffd6be2a000 	C:\WINDOWS\WinSxS\amd64_microsoft.windows.common-controls_6595b64144ccf1df_6.0.19041.1110_none_60b5254171f9507e\COMCTL32.dll
0x00007ffd78f00000 - 0x00007ffd78f9e000 	C:\WINDOWS\System32\msvcrt.dll
0x00007ffd78a90000 - 0x00007ffd78ac0000 	C:\WINDOWS\System32\IMM32.DLL
0x00007ffd72e70000 - 0x00007ffd72e7c000 	C:\Users\Maryna\.jdks\openjdk-16.0.1\bin\vcruntime140_1.dll
0x00007ffd71940000 - 0x00007ffd719d1000 	C:\Users\Maryna\.jdks\openjdk-16.0.1\bin\msvcp140.dll
0x00007ffd4bcc0000 - 0x00007ffd4c86b000 	C:\Users\Maryna\.jdks\openjdk-16.0.1\bin\server\jvm.dll
0x00007ffd77a10000 - 0x00007ffd77abc000 	C:\WINDOWS\System32\ADVAPI32.dll
0x00007ffd78cc0000 - 0x00007ffd78d5b000 	C:\WINDOWS\System32\sechost.dll
0x00007ffd79180000 - 0x00007ffd792aa000 	C:\WINDOWS\System32\RPCRT4.dll
0x00007ffd78bf0000 - 0x00007ffd78bf8000 	C:\WINDOWS\System32\PSAPI.DLL
0x00007ffd5ef20000 - 0x00007ffd5ef29000 	C:\WINDOWS\SYSTEM32\WSOCK32.dll
0x00007ffd78b80000 - 0x00007ffd78beb000 	C:\WINDOWS\System32\WS2_32.dll
0x00007ffd6bf40000 - 0x00007ffd6bf67000 	C:\WINDOWS\SYSTEM32\WINMM.dll
0x00007ffd6c8b0000 - 0x00007ffd6c8ba000 	C:\WINDOWS\SYSTEM32\VERSION.dll
0x00007ffd758c0000 - 0x00007ffd758d2000 	C:\WINDOWS\SYSTEM32\kernel.appcore.dll
0x00007ffd72e50000 - 0x00007ffd72e5a000 	C:\Users\Maryna\.jdks\openjdk-16.0.1\bin\jimage.dll
0x00007ffd6eb60000 - 0x00007ffd6ed44000 	C:\WINDOWS\SYSTEM32\DBGHELP.DLL
0x00007ffd6ee10000 - 0x00007ffd6ee3c000 	C:\WINDOWS\SYSTEM32\dbgcore.DLL
0x00007ffd77560000 - 0x00007ffd775e3000 	C:\WINDOWS\System32\bcryptPrimitives.dll
0x00007ffd71880000 - 0x00007ffd7188e000 	C:\Users\Maryna\.jdks\openjdk-16.0.1\bin\instrument.dll
0x00007ffd71910000 - 0x00007ffd71935000 	C:\Users\Maryna\.jdks\openjdk-16.0.1\bin\java.dll

dbghelp: loaded successfully - version: 4.0.5 - missing functions: none
symbol engine: initialized successfully - sym options: 0x614 - pdb path: .;C:\Users\Maryna\.jdks\openjdk-16.0.1\bin;C:\WINDOWS\SYSTEM32;C:\WINDOWS\WinSxS\amd64_microsoft.windows.common-controls_6595b64144ccf1df_6.0.19041.1110_none_60b5254171f9507e;C:\Users\Maryna\.jdks\openjdk-16.0.1\bin\server

VM Arguments:
jvm_args: -ea -Didea.test.cyclic.buffer.size=1048576 -javaagent:C:\Users\Maryna\AppData\Local\JetBrains\IntelliJ IDEA Community Edition 2021.1.2\lib\idea_rt.jar=62190:C:\Users\Maryna\AppData\Local\JetBrains\IntelliJ IDEA Community Edition 2021.1.2\bin -Dfile.encoding=UTF-8 
java_command: com.intellij.rt.testng.RemoteTestNGStarter -usedefaultlisteners false -socket62189 @w@C:\Users\Maryna\AppData\Local\Temp\idea_working_dirs_testng1.tmp -temp C:\Users\Maryna\AppData\Local\Temp\idea_testng1.tmp
java_class_path (initial): C:\Users\Maryna\AppData\Local\JetBrains\IntelliJ IDEA Community Edition 2021.1.2\lib\idea_rt.jar;C:\Users\Maryna\AppData\Local\JetBrains\IntelliJ IDEA Community Edition 2021.1.2\plugins\testng\lib\testng-rt.jar;D:\IdeaProjects\a_level\selenium\target\test-classes;C:\Users\Maryna\.m2\repository\org\seleniumhq\selenium\selenium-java\3.141.0\selenium-java-3.141.0.jar;C:\Users\Maryna\.m2\repository\org\seleniumhq\selenium\selenium-api\3.141.0\selenium-api-3.141.0.jar;C:\Users\Maryna\.m2\repository\org\seleniumhq\selenium\selenium-chrome-driver\3.141.0\selenium-chrome-driver-3.141.0.jar;C:\Users\Maryna\.m2\repository\org\seleniumhq\selenium\selenium-edge-driver\3.141.0\selenium-edge-driver-3.141.0.jar;C:\Users\Maryna\.m2\repository\org\seleniumhq\selenium\selenium-firefox-driver\3.141.0\selenium-firefox-driver-3.141.0.jar;C:\Users\Maryna\.m2\repository\org\seleniumhq\selenium\selenium-ie-driver\3.141.0\selenium-ie-driver-3.141.0.jar;C:\Users\Maryna\.m2\repository\org\seleniumhq\selenium\selenium-opera-driver\3.141.0\selenium-opera-driver-3.141.0.jar;C:\Users\Maryna\.m2\repository\org\seleniumhq\selenium\selenium-remote-driver\3.141.0\selenium-remote-driver-3.141.0.jar;C:\Users\Maryna\.m2\repository\org\seleniumhq\selenium\selenium-safari-driver\3.141.0\selenium-safari-driver-3.141.0.jar;C:\Users\Maryna\.m2\repository\org\seleniumhq\selenium\selenium-support\3.141.0\selenium-support-3.141.0.jar;C:\Users\Maryna\.m2\repository\net\bytebuddy\byte-buddy\1.8.15\byte-buddy-1.8.15.jar;C:\Users\Maryna\.m2\repository\org\apache\commons\commons-exec\1.3\commons-exec-1.3.jar;C:\Users\Maryna\.m2\repository\com\google\guava\guava\25.0-jre\guava-25.0-jre.jar;C:\Users\Maryna\.m2\repository\com\google\code\findbugs\jsr305\1.3.9\jsr305-1.3.9.jar;C:\Users\Maryna\.m2\repository\org\checkerframework\checker-compat-qual\2.0.0\checker-compat-qual-2.0.0.jar;C:\Users\Maryna\.m2\repository\com\google\errorprone\error_prone_annotations\2.1.3\error_prone_annotations-2.1
Launcher Type: SUN_STANDARD

[Global flags]
     intx CICompilerCount                          = 3                                         {product} {ergonomic}
     uint ConcGCThreads                            = 1                                         {product} {ergonomic}
     uint G1ConcRefinementThreads                  = 4                                         {product} {ergonomic}
   size_t G1HeapRegionSize                         = 1048576                                   {product} {ergonomic}
    uintx GCDrainStackTargetSize                   = 64                                        {product} {ergonomic}
   size_t InitialHeapSize                          = 134217728                                 {product} {ergonomic}
   size_t MarkStackSize                            = 4194304                                   {product} {ergonomic}
   size_t MaxHeapSize                              = 2124414976                                {product} {ergonomic}
   size_t MinHeapDeltaBytes                        = 1048576                                   {product} {ergonomic}
   size_t MinHeapSize                              = 8388608                                   {product} {ergonomic}
    uintx NonNMethodCodeHeapSize                   = 5832780                                {pd product} {ergonomic}
    uintx NonProfiledCodeHeapSize                  = 122912730                              {pd product} {ergonomic}
    uintx ProfiledCodeHeapSize                     = 122912730                              {pd product} {ergonomic}
    uintx ReservedCodeCacheSize                    = 251658240                              {pd product} {ergonomic}
     bool SegmentedCodeCache                       = true                                      {product} {ergonomic}
   size_t SoftMaxHeapSize                          = 2124414976                             {manageable} {ergonomic}
     bool UseCompressedClassPointers               = true                           {product lp64_product} {ergonomic}
     bool UseCompressedOops                        = true                           {product lp64_product} {ergonomic}
     bool UseG1GC                                  = true                                      {product} {ergonomic}
     bool UseLargePagesIndividualAllocation        = false                                  {pd product} {ergonomic}

Logging:
Log output configuration:
 #0: stdout all=warning uptime,level,tags
 #1: stderr all=off uptime,level,tags

Environment Variables:
PATH=D:\Applications\Languages\Python3.8.5\Scripts\;D:\Applications\Languages\Python3.8.5\;C:\WINDOWS\system32;C:\WINDOWS;C:\WINDOWS\System32\Wbem;C:\WINDOWS\System32\WindowsPowerShell\v1.0\;C:\WINDOWS\System32\OpenSSH\;C:\Program Files (x86)\Calibre2\;C:\Users\Maryna\AppData\Local\Microsoft\WindowsApps;C:\Users\Maryna\AppData\Local\Programs\Git\cmd
USERNAME=Maryna
OS=Windows_NT
PROCESSOR_IDENTIFIER=Intel64 Family 6 Model 69 Stepping 1, GenuineIntel



---------------  S Y S T E M  ---------------

OS:
 Windows 10 , 64 bit Build 19041 (10.0.19041.1023)
OS uptime: 2 days 21:26 hours

CPU: total 4 (initial active 4) (2 cores per cpu, 2 threads per core) family 6 model 69 stepping 1 microcode 0x25, cx8, cmov, fxsr, ht, mmx, sse, sse2, sse3, ssse3, sse4.1, sse4.2, popcnt, lzcnt, tsc, tscinvbit, avx, avx2, aes, erms, clmul, bmi1, bmi2, fma, vzeroupper, clflush

Memory: 4k page, system-wide physical 8097M (1262M free)
TotalPageFile size 10145M (AvailPageFile size 103M)
current process WorkingSet (physical memory assigned to process): 10M, peak: 10M
current process commit charge ("private bytes"): 51M, peak: 179M

vm_info: OpenJDK 64-Bit Server VM (16.0.1+9-24) for windows-amd64 JRE (16.0.1+9-24), built on Mar 26 2021 19:30:07 by "mach5one" with MS VC++ 16.7 (VS2019)

END.
